$ prettier --write ./src
src/__tests__/smoke.test.ts 74ms (unchanged)
src/actions/addToPlaylist.ts 55ms (unchanged)
src/actions/deletePlaylist.ts 23ms (unchanged)
src/actions/downloadMusic.ts 15ms (unchanged)
src/actions/listPlaylists.ts 8ms (unchanged)
src/actions/loadPlaylist.ts 6ms (unchanged)
src/actions/playMusicQuery.ts 18ms (unchanged)
src/actions/savePlaylist.ts 9ms (unchanged)
src/actions/searchYouTube.ts 5ms (unchanged)
src/components/analytics.ts 14ms (unchanged)
src/components/componentData.ts 3ms (unchanged)
src/components/djGuildSettings.ts 4ms (unchanged)
src/components/djIntroOptions.ts 6ms (unchanged)
src/components/djTips.ts 4ms (unchanged)
src/components/musicLibrary.ts 9ms (unchanged)
src/components/playlists.ts 4ms (unchanged)
src/components/preferences.ts 5ms (unchanged)
src/components/repetitionControl.ts 6ms (unchanged)
src/components/songMemory.ts 7ms (unchanged)
src/components/storageContext.ts 2ms (unchanged)
src/index.ts 3ms (unchanged)
src/providers/musicInfoInstructions.ts 3ms (unchanged)
src/providers/musicInfoProvider.ts 6ms (unchanged)
src/providers/musicLibraryProvider.ts 4ms (unchanged)
src/providers/wikipediaProvider.ts 6ms (unchanged)
src/services/geniusClient.ts 6ms (unchanged)
src/services/lastFmClient.ts 7ms (unchanged)
src/services/musicBrainzClient.ts 5ms (unchanged)
src/services/musicEntityDetectionService.ts 4ms (unchanged)
src/services/musicInfoService.ts 11ms (unchanged)
src/services/musicLibraryService.ts 6ms (unchanged)
src/services/musicStorage.ts 5ms (unchanged)
src/services/serviceStatus.ts 1ms (unchanged)
src/services/spotifyClient.ts 6ms (unchanged)
src/services/theAudioDbClient.ts 6ms (unchanged)
src/services/wikipediaClient.ts 8ms (unchanged)
src/services/wikipediaExtractionService.ts 5ms (unchanged)
src/services/youtubeSearch.ts 4ms (unchanged)
src/types/audioFeatures.ts 1ms (unchanged)
src/types/index.ts 1ms (unchanged)
src/utils/retry.ts 3ms (unchanged)
src/utils/smartFetchService.ts 1ms (unchanged)
